<?xml version="1.0" encoding="UTF-8"?>
<testng-results ignored="0" total="1" passed="1" failed="0" skipped="0">
  <reporter-output>
  </reporter-output>
  <suite started-at="2024-02-10T17:21:43 IST" name="Suite" finished-at="2024-02-10T17:22:10 IST" duration-ms="26931">
    <groups>
    </groups>
    <test started-at="2024-02-10T17:21:43 IST" name="Test" finished-at="2024-02-10T17:22:10 IST" duration-ms="26931">
      <class name="loginecommerce.login">
        <test-method signature="lohin(java.lang.String,java.lang.String,java.lang.String)[pri:0, instance:loginecommerce.login@795cd85e]" started-at="2024-02-10T17:21:44 IST" name="lohin" finished-at="2024-02-10T17:22:10 IST" duration-ms="26894" status="PASS">
          <params>
            <param index="0">
              <value>
                <![CDATA[Chrome]]>
              </value>
            </param>
            <param index="1">
              <value>
                <![CDATA[saharajdeep235@gmail.com]]>
              </value>
            </param>
            <param index="2">
              <value>
                <![CDATA[Rajdeep@2003]]>
              </value>
            </param>
          </params>
          <reporter-output>
          </reporter-output>
        </test-method> <!-- lohin -->
      </class> <!-- loginecommerce.login -->
    </test> <!-- Test -->
  </suite> <!-- Suite -->
</testng-results>
